0 info it worked if it ends with ok
1 verbose cli [ '/Users/kunalrelan/.nvm/versions/node/v5.11.0/bin/node',
1 verbose cli   '/Users/kunalrelan/.nvm/versions/node/v5.11.0/bin/npm',
1 verbose cli   'start' ]
2 info using npm@3.8.6
3 info using node@v5.11.0
4 verbose run-script [ 'prestart', 'start', 'poststart' ]
5 info lifecycle meet@1.0.0~prestart: meet@1.0.0
6 silly lifecycle meet@1.0.0~prestart: no script for prestart, continuing
7 info lifecycle meet@1.0.0~start: meet@1.0.0
8 verbose lifecycle meet@1.0.0~start: unsafe-perm in lifecycle true
9 verbose lifecycle meet@1.0.0~start: PATH: /Users/kunalrelan/.nvm/versions/node/v5.11.0/lib/node_modules/npm/bin/node-gyp-bin:/Users/kunalrelan/Documents/Developer/meetuniv/webhook/node_modules/.bin:/Users/kunalrelan/.nvm/versions/node/v5.11.0/bin:/opt/local/bin:/opt/local/sbin:/opt/local/bin:/opt/local/sbin:/opt/theos/bin:/opt/iOSOpenDev/bin:/Users/kunalrelan/.nvm/versions/node/v5.11.0/bin:/usr/local/bin:/usr/bin:/bin:/usr/sbin:/sbin:/opt/X11/bin:/usr/local/git/bin:/usr/local/go/bin:/Users/kunalrelan/Library/Android/sdk:/Users/kunalrelan/Library/Android/sdk/tools/:/Users/kunalrelan/Library/Android/sdk/platform-tools/
10 verbose lifecycle meet@1.0.0~start: CWD: /Users/kunalrelan/Documents/Developer/meetuniv/webhook
11 silly lifecycle meet@1.0.0~start: Args: [ '-c', 'index.js' ]
12 info lifecycle meet@1.0.0~start: Failed to exec start script
13 verbose stack Error: meet@1.0.0 start: `index.js`
13 verbose stack spawn ENOENT
13 verbose stack     at ChildProcess.<anonymous> (/Users/kunalrelan/.nvm/versions/node/v5.11.0/lib/node_modules/npm/lib/utils/spawn.js:17:16)
13 verbose stack     at emitTwo (events.js:100:13)
13 verbose stack     at ChildProcess.emit (events.js:185:7)
13 verbose stack     at maybeClose (internal/child_process.js:850:16)
13 verbose stack     at Process.ChildProcess._handle.onexit (internal/child_process.js:215:5)
14 verbose pkgid meet@1.0.0
15 verbose cwd /Users/kunalrelan/Documents/Developer/meetuniv/webhook
16 error Darwin 14.5.0
17 error argv "/Users/kunalrelan/.nvm/versions/node/v5.11.0/bin/node" "/Users/kunalrelan/.nvm/versions/node/v5.11.0/bin/npm" "start"
18 error node v5.11.0
19 error npm  v3.8.6
20 error file sh
21 error code ELIFECYCLE
22 error errno ENOENT
23 error syscall spawn
24 error meet@1.0.0 start: `index.js`
24 error spawn ENOENT
25 error Failed at the meet@1.0.0 start script 'index.js'.
25 error Make sure you have the latest version of node.js and npm installed.
25 error If you do, this is most likely a problem with the meet package,
25 error not with npm itself.
25 error Tell the author that this fails on your system:
25 error     index.js
25 error You can get information on how to open an issue for this project with:
25 error     npm bugs meet
25 error Or if that isn't available, you can get their info via:
25 error     npm owner ls meet
25 error There is likely additional logging output above.
26 verbose exit [ 1, true ]
